Start Initialisation
Automaton
TTS
RLB
PTK
NFA
Start Test
 Mögen Puristen aller Musikbereiche auch die Nase rümpfen , die Zukunft der Musik liegt für viele junge Komponisten im Crossover-Stil . :
no Approximation
Found run after 3110 Configurations
Found run
1-Layer
Found run after 5252 Configurations
Found run
2-Layers
Found run after 5200 Configurations
Found run
3-Layers
Found run after 14155 Configurations
Found run after 3 Configurations
Found run after 40 Configurations
Found run
3-Layers + NFA
 Sie gehen gewagte Verbindungen und Risiken ein , versuchen ihre Möglichkeiten auszureizen . :
no Approximation
Found run after 1434 Configurations
Found run
1-Layer
Found run after 3104 Configurations
Found run
2-Layers
Found run after 2982 Configurations
Found run
3-Layers
Found run after 7821 Configurations
Found run
3-Layers + NFA
 Schade jedoch , daß kaum jemand daran teilhaben kann . :
no Approximation
Found run after 837 Configurations
Found run
1-Layer
Found run after 2833 Configurations
Found run
2-Layers
Found run after 2766 Configurations
Found run after 7 Configurations
Found run
3-Layers
Found run after 2764 Configurations
Found run
3-Layers + NFA
