Start Initialisation
Automaton
TTS
RLB
PTK
NFA
Start Test
 Mögen Puristen aller Musikbereiche auch die Nase rümpfen , die Zukunft der Musik liegt für viele junge Komponisten im Crossover-Stil . :
no Approximation
Found run after 3110 Configurations
Found run
1-Layer
Found run after 5256 Configurations
Found run
2-Layers
Found run after 5255 Configurations
Found run
3-Layers
Found run after 14276 Configurations
Found run after 3 Configurations
Found run after 55 Configurations
Found run
3-Layers + NFA
 Sie gehen gewagte Verbindungen und Risiken ein , versuchen ihre Möglichkeiten auszureizen . :
no Approximation
Found run after 1434 Configurations
Found run
1-Layer
Found run after 3113 Configurations
Found run
2-Layers
Found run after 3100 Configurations
Found run
3-Layers
Found run after 8288 Configurations
Found run
3-Layers + NFA
 Schade jedoch , daß kaum jemand daran teilhaben kann . :
no Approximation
Found run after 837 Configurations
Found run
1-Layer
Found run after 2833 Configurations
Found run
2-Layers
Found run after 2834 Configurations
Found run after 9 Configurations
Found run
3-Layers
Found run after 2838 Configurations
Found run after 8 Configurations
Found run after 3 Configurations
Found run after 9 Configurations
Found run
3-Layers + NFA
